0 info it worked if it ends with ok
1 verbose cli [ '/usr/local/bin/node',
1 verbose cli   '/usr/local/bin/npm',
1 verbose cli   'install',
1 verbose cli   'https://github.com/manjeshpv/node-express-passport-mysql.git' ]
2 info using npm@4.0.5
3 info using node@v7.4.0
4 silly loadCurrentTree Starting
5 silly install loadCurrentTree
6 silly install readLocalPackageData
7 silly fetchPackageMetaData https://github.com/manjeshpv/node-express-passport-mysql.git
8 silly fetchOtherPackageData https://github.com/manjeshpv/node-express-passport-mysql.git
9 silly cache add args [ 'https://github.com/manjeshpv/node-express-passport-mysql.git',
9 silly cache add   null ]
10 verbose cache add spec https://github.com/manjeshpv/node-express-passport-mysql.git
11 silly cache add parsed spec Result {
11 silly cache add   raw: 'https://github.com/manjeshpv/node-express-passport-mysql.git',
11 silly cache add   scope: null,
11 silly cache add   escapedName: null,
11 silly cache add   name: null,
11 silly cache add   rawSpec: 'https://github.com/manjeshpv/node-express-passport-mysql.git',
11 silly cache add   spec: 'git+https://github.com/manjeshpv/node-express-passport-mysql.git',
11 silly cache add   type: 'hosted',
11 silly cache add   hosted:
11 silly cache add    { type: 'github',
11 silly cache add      ssh: 'git@github.com:manjeshpv/node-express-passport-mysql.git',
11 silly cache add      sshUrl: 'git+ssh://git@github.com/manjeshpv/node-express-passport-mysql.git',
11 silly cache add      httpsUrl: 'git+https://github.com/manjeshpv/node-express-passport-mysql.git',
11 silly cache add      gitUrl: 'git://github.com/manjeshpv/node-express-passport-mysql.git',
11 silly cache add      shortcut: 'github:manjeshpv/node-express-passport-mysql',
11 silly cache add      directUrl: 'https://raw.githubusercontent.com/manjeshpv/node-express-passport-mysql/master/package.json' } }
12 verbose addRemoteGit caching https://github.com/manjeshpv/node-express-passport-mysql.git
13 verbose addRemoteGit git+https://github.com/manjeshpv/node-express-passport-mysql.git is a repository hosted by github
14 silly tryClone cloning git+https://github.com/manjeshpv/node-express-passport-mysql.git via git+https://github.com/manjeshpv/node-express-passport-mysql.git
15 verbose tryClone git-https-github-com-manjeshpv-node-express-passport-mysql-git-89d010a3 not in flight; caching
16 verbose correctMkdir /Users/Walter/.npm/_git-remotes correctMkdir not in flight; initializing
17 verbose makeDirectory /Users/Walter/.npm/_git-remotes creation not in flight; initializing
18 silly makeDirectory /Users/Walter/.npm/_git-remotes uid: 501 gid: 20
19 info git [ 'clone',
19 info git   '--template=/Users/Walter/.npm/_git-remotes/_templates',
19 info git   '--mirror',
19 info git   'https://github.com/manjeshpv/node-express-passport-mysql.git',
19 info git   '/Users/Walter/.npm/_git-remotes/git-https-github-com-manjeshpv-node-express-passport-mysql-git-89d010a3' ]
20 verbose mirrorRemote git+https://github.com/manjeshpv/node-express-passport-mysql.git git clone https://github.com/manjeshpv/node-express-passport-mysql.git
21 verbose correctMkdir /Users/Walter/.npm/_git-remotes correctMkdir not in flight; initializing
22 verbose setPermissions git+https://github.com/manjeshpv/node-express-passport-mysql.git set permissions on /Users/Walter/.npm/_git-remotes/git-https-github-com-manjeshpv-node-express-passport-mysql-git-89d010a3
23 verbose resolveHead git+https://github.com/manjeshpv/node-express-passport-mysql.git original treeish: master
24 info git [ 'rev-list', '-n1', 'master' ]
25 silly resolveHead git+https://github.com/manjeshpv/node-express-passport-mysql.git resolved treeish: ae4d19d69884e0815a5546238d7c02f07da333f3
26 verbose resolveHead git+https://github.com/manjeshpv/node-express-passport-mysql.git resolved Git URL: git+https://github.com/manjeshpv/node-express-passport-mysql.git#ae4d19d69884e0815a5546238d7c02f07da333f3
27 silly resolveHead Git working directory: /var/folders/v0/p26513bx2vl_8wb6bpk4g8tc0000gn/T/npm-2790-6415359d/git-cache-6120071e/ae4d19d69884e0815a5546238d7c02f07da333f3
28 info git [ 'clone',
28 info git   '/Users/Walter/.npm/_git-remotes/git-https-github-com-manjeshpv-node-express-passport-mysql-git-89d010a3',
28 info git   '/var/folders/v0/p26513bx2vl_8wb6bpk4g8tc0000gn/T/npm-2790-6415359d/git-cache-6120071e/ae4d19d69884e0815a5546238d7c02f07da333f3' ]
29 verbose cloneResolved git+https://github.com/manjeshpv/node-express-passport-mysql.git clone Cloning into '/var/folders/v0/p26513bx2vl_8wb6bpk4g8tc0000gn/T/npm-2790-6415359d/git-cache-6120071e/ae4d19d69884e0815a5546238d7c02f07da333f3'...
29 verbose cloneResolved done.
30 info git [ 'checkout', 'ae4d19d69884e0815a5546238d7c02f07da333f3' ]
31 verbose checkoutTreeish git+https://github.com/manjeshpv/node-express-passport-mysql.git checkout Note: checking out 'ae4d19d69884e0815a5546238d7c02f07da333f3'.
31 verbose checkoutTreeish
31 verbose checkoutTreeish You are in 'detached HEAD' state. You can look around, make experimental
31 verbose checkoutTreeish changes and commit them, and you can discard any commits you make in this
31 verbose checkoutTreeish state without impacting any branches by performing another checkout.
31 verbose checkoutTreeish
31 verbose checkoutTreeish If you want to create a new branch to retain commits you create, you may
31 verbose checkoutTreeish do so (now or later) by using -b with the checkout command again. Example:
31 verbose checkoutTreeish
31 verbose checkoutTreeish   git checkout -b <new-branch-name>
31 verbose checkoutTreeish
31 verbose checkoutTreeish HEAD is now at ae4d19d... Licence
32 info git [ 'submodule', '-q', 'update', '--init', '--recursive' ]
33 verbose updateSubmodules git+https://github.com/manjeshpv/node-express-passport-mysql.git submodule update
34 error addLocal Could not install /var/folders/v0/p26513bx2vl_8wb6bpk4g8tc0000gn/T/npm-2790-6415359d/git-cache-6120071e/ae4d19d69884e0815a5546238d7c02f07da333f3
35 silly fetchPackageMetaData Error: No version provided in package.json
35 silly fetchPackageMetaData     at /usr/local/lib/node_modules/npm/lib/cache/add-local.js:75:17
35 silly fetchPackageMetaData     at /usr/local/lib/node_modules/npm/node_modules/read-package-json/read-json.js:356:5
35 silly fetchPackageMetaData     at checkBinReferences_ (/usr/local/lib/node_modules/npm/node_modules/read-package-json/read-json.js:320:45)
35 silly fetchPackageMetaData     at final (/usr/local/lib/node_modules/npm/node_modules/read-package-json/read-json.js:354:3)
35 silly fetchPackageMetaData     at then (/usr/local/lib/node_modules/npm/node_modules/read-package-json/read-json.js:124:5)
35 silly fetchPackageMetaData     at /usr/local/lib/node_modules/npm/node_modules/read-package-json/read-json.js:243:12
35 silly fetchPackageMetaData     at /usr/local/lib/node_modules/npm/node_modules/graceful-fs/graceful-fs.js:78:16
35 silly fetchPackageMetaData     at tryToString (fs.js:426:3)
35 silly fetchPackageMetaData     at FSReqWrap.readFileAfterClose [as oncomplete] (fs.js:413:12)
35 silly fetchPackageMetaData  error for https://github.com/manjeshpv/node-express-passport-mysql.git Error: No version provided in package.json
35 silly fetchPackageMetaData     at /usr/local/lib/node_modules/npm/lib/cache/add-local.js:75:17
35 silly fetchPackageMetaData     at /usr/local/lib/node_modules/npm/node_modules/read-package-json/read-json.js:356:5
35 silly fetchPackageMetaData     at checkBinReferences_ (/usr/local/lib/node_modules/npm/node_modules/read-package-json/read-json.js:320:45)
35 silly fetchPackageMetaData     at final (/usr/local/lib/node_modules/npm/node_modules/read-package-json/read-json.js:354:3)
35 silly fetchPackageMetaData     at then (/usr/local/lib/node_modules/npm/node_modules/read-package-json/read-json.js:124:5)
35 silly fetchPackageMetaData     at /usr/local/lib/node_modules/npm/node_modules/read-package-json/read-json.js:243:12
35 silly fetchPackageMetaData     at /usr/local/lib/node_modules/npm/node_modules/graceful-fs/graceful-fs.js:78:16
35 silly fetchPackageMetaData     at tryToString (fs.js:426:3)
35 silly fetchPackageMetaData     at FSReqWrap.readFileAfterClose [as oncomplete] (fs.js:413:12)
36 silly rollbackFailedOptional Starting
37 silly rollbackFailedOptional Finishing
38 silly runTopLevelLifecycles Finishing
39 silly install printInstalled
40 verbose stack Error: No version provided in package.json
40 verbose stack     at /usr/local/lib/node_modules/npm/lib/cache/add-local.js:75:17
40 verbose stack     at /usr/local/lib/node_modules/npm/node_modules/read-package-json/read-json.js:356:5
40 verbose stack     at checkBinReferences_ (/usr/local/lib/node_modules/npm/node_modules/read-package-json/read-json.js:320:45)
40 verbose stack     at final (/usr/local/lib/node_modules/npm/node_modules/read-package-json/read-json.js:354:3)
40 verbose stack     at then (/usr/local/lib/node_modules/npm/node_modules/read-package-json/read-json.js:124:5)
40 verbose stack     at /usr/local/lib/node_modules/npm/node_modules/read-package-json/read-json.js:243:12
40 verbose stack     at /usr/local/lib/node_modules/npm/node_modules/graceful-fs/graceful-fs.js:78:16
40 verbose stack     at tryToString (fs.js:426:3)
40 verbose stack     at FSReqWrap.readFileAfterClose [as oncomplete] (fs.js:413:12)
41 verbose cwd /Users/Walter/DatabaseProject/authDemo
42 error Darwin 16.5.0
43 error argv "/usr/local/bin/node" "/usr/local/bin/npm" "install" "https://github.com/manjeshpv/node-express-passport-mysql.git"
44 error node v7.4.0
45 error npm  v4.0.5
46 error No version provided in package.json
47 error If you need help, you may report this error at:
47 error     <https://github.com/npm/npm/issues>
48 verbose exit [ 1, true ]
